[2026-01-21T14:45:57.117Z] Start creating prescription for 696f4e8af07c260c3e05c2ef
[2026-01-21T14:45:57.118Z] Processing med: Paracetamol
[2026-01-21T14:45:57.130Z] Found med: Paracetamol 500mg (696f65b4bd147fbd62fee86d)
[2026-01-21T14:45:57.132Z] Creating Prescription with 1 items
[2026-01-21T14:45:57.133Z] ERROR: Cannot read properties of null (reading '_id')
TypeError: Cannot read properties of null (reading '_id')
    at D:\HIS Quasar 2\HIS_Quasar\hospital-his-backend\controllers\opd.controller.js:153:52
    at process.processTicksAndRejections (node:internal/process/task_queues:105:5)
[2026-01-21T15:14:19.962Z] Start creating prescription for 6970ed25288f96e285271b99
[2026-01-21T15:14:19.971Z] Processing med: Paracetamol
[2026-01-21T15:14:19.988Z] Found med: Paracetamol 500mg (6970e6e5ae32f124038cbfef)
[2026-01-21T15:14:19.990Z] Creating Prescription with 1 items
[2026-01-21T15:14:20.004Z] ERROR: Prescription validation failed: prescriptionNumber: Path `prescriptionNumber` is required.
ValidationError: Prescription validation failed: prescriptionNumber: Path `prescriptionNumber` is required.
    at Document.invalidate (D:\HIS Quasar 2\HIS_Quasar\hospital-his-backend\node_modules\mongoose\lib\document.js:3221:32)
    at D:\HIS Quasar 2\HIS_Quasar\hospital-his-backend\node_modules\mongoose\lib\document.js:3014:17
    at D:\HIS Quasar 2\HIS_Quasar\hospital-his-backend\node_modules\mongoose\lib\schematype.js:1368:9
    at process.processTicksAndRejections (node:internal/process/task_queues:85:11)
[2026-01-21T15:17:11.822Z] Start creating prescription for 6970ece9288f96e285271b11
[2026-01-21T15:17:11.836Z] Processing med: Warfarin
[2026-01-21T15:17:11.860Z] Med NOT FOUND: Warfarin
[2026-01-21T15:17:11.865Z] No valid medicines found to create Rx
[2026-01-21T15:19:51.138Z] Start creating prescription for 6970ee439edacf619a08b24b
[2026-01-21T15:19:51.149Z] Processing med: Paracetamol 500mg
[2026-01-21T15:19:51.172Z] Found med: Paracetamol 500mg (6970e6e5ae32f124038cbfef)
[2026-01-21T15:19:51.173Z] Creating Prescription with 1 items
[2026-01-21T15:19:51.189Z] ERROR: Prescription validation failed: prescriptionNumber: Path `prescriptionNumber` is required., medicines.0.dosage: Dosage is required
ValidationError: Prescription validation failed: prescriptionNumber: Path `prescriptionNumber` is required., medicines.0.dosage: Dosage is required
    at Document.invalidate (D:\HIS Quasar 2\HIS_Quasar\hospital-his-backend\node_modules\mongoose\lib\document.js:3221:32)
    at D:\HIS Quasar 2\HIS_Quasar\hospital-his-backend\node_modules\mongoose\lib\document.js:3014:17
    at D:\HIS Quasar 2\HIS_Quasar\hospital-his-backend\node_modules\mongoose\lib\schematype.js:1368:9
    at process.processTicksAndRejections (node:internal/process/task_queues:85:11)
[2026-01-21T15:26:24.374Z] Start creating prescription for 6970ef7b9edacf619a08b2be
[2026-01-21T15:26:24.380Z] Processing med: Paracetamol 500mg
[2026-01-21T15:26:24.399Z] Found med: Paracetamol 500mg (6970e6e5ae32f124038cbfef)
[2026-01-21T15:26:24.400Z] Creating Prescription with 1 items
[2026-01-21T15:26:24.470Z] Created Rx ID: 6970f020eee7829516a2371d
[2026-01-22T04:52:46.813Z] Start creating prescription for 6971abdaa4f122ffc0afce74
[2026-01-22T04:52:46.833Z] Processing med: Paracetamol 500mg
[2026-01-22T04:52:46.868Z] Found med: Paracetamol 500mg (6970e6e5ae32f124038cbfef)
[2026-01-22T04:52:46.873Z] Creating Prescription with 1 items
[2026-01-22T04:52:46.938Z] Created Rx ID: 6971ad1ea4f122ffc0afcefb
[2026-01-22T08:17:30.994Z] Start creating prescription for 6971dca228ba3e478d8f17d6
[2026-01-22T08:17:30.997Z] Processing med: sleep medicine
[2026-01-22T08:17:31.010Z] Med NOT FOUND: sleep medicine
[2026-01-22T08:17:31.011Z] No valid medicines found to create Rx
[2026-01-22T08:22:50.375Z] Start creating prescription for 6971de1a28ba3e478d8f1a35
[2026-01-22T08:22:50.377Z] Processing med: Paracetamol 500mg
[2026-01-22T08:22:50.388Z] Found med: Paracetamol 500mg (6970e6e5ae32f124038cbfef)
[2026-01-22T08:22:50.388Z] Creating Prescription with 1 items
[2026-01-22T08:22:50.416Z] Created Rx ID: 6971de5a28ba3e478d8f1af9
[2026-01-23T11:03:27.695Z] Start creating prescription for 697355345286fcccab85a490
[2026-01-23T11:03:27.700Z] Processing med: Paracetamol 500mg
[2026-01-23T11:03:27.734Z] Found med: Paracetamol 500mg (6970e6e5ae32f124038cbfef)
[2026-01-23T11:03:27.734Z] Creating Prescription with 1 items
[2026-01-23T11:03:27.805Z] Created Rx ID: 6973557f5286fcccab85a56b
[2026-01-23T11:18:11.453Z] Start creating prescription for 697358b23a02a0a7954ac161
[2026-01-23T11:18:11.455Z] Processing med: Paracetamol 500mg
[2026-01-23T11:18:11.489Z] Found med: Paracetamol 500mg (6970e6e5ae32f124038cbfef)
[2026-01-23T11:18:11.490Z] Creating Prescription with 1 items
[2026-01-23T11:18:11.580Z] Created Rx ID: 697358f348baa2d80d431e88
[2026-01-23T11:20:17.801Z] Start creating prescription for 697358b23a02a0a7954ac161
[2026-01-23T11:20:17.803Z] Processing med: Paracetamol 500mg
[2026-01-23T11:20:17.904Z] Found med: Paracetamol 500mg (6970e6e5ae32f124038cbfef)
[2026-01-23T11:20:17.905Z] Creating Prescription with 1 items
[2026-01-23T11:20:18.108Z] Created Rx ID: 6973597148baa2d80d431ec8
[2026-01-23T12:36:59.029Z] Start creating prescription for 69736adeda1ae7211a590277
[2026-01-23T12:36:59.050Z] Processing med: Paracetamol 500mg
[2026-01-23T12:36:59.131Z] Found med: Paracetamol 500mg (6970e6e5ae32f124038cbfef)
[2026-01-23T12:36:59.132Z] Creating Prescription with 1 items
[2026-01-23T12:36:59.335Z] Created Rx ID: 69736b6bda1ae7211a59039e
[2026-01-23T12:37:00.428Z] Start creating prescription for 69736adeda1ae7211a590277
[2026-01-23T12:37:00.429Z] Processing med: Paracetamol 500mg
[2026-01-23T12:37:00.523Z] Found med: Paracetamol 500mg (6970e6e5ae32f124038cbfef)
[2026-01-23T12:37:00.524Z] Creating Prescription with 1 items
[2026-01-23T12:37:00.668Z] Created Rx ID: 69736b6cda1ae7211a5903cc
[2026-01-23T12:46:53.591Z] No prescription body found or empty array
[2026-01-23T14:03:41.063Z] Start creating prescription for 69737eea1cb345f058bf3565
[2026-01-23T14:03:41.066Z] Processing med: Paracetamol 500mg
[2026-01-23T14:03:41.077Z] Found med: Paracetamol 500mg (6970e6e5ae32f124038cbfef)
[2026-01-23T14:03:41.077Z] Creating Prescription with 1 items
[2026-01-23T14:03:41.109Z] Created Rx ID: 69737fbd1cb345f058bf362b
[2026-01-24T09:51:16.521Z] No prescription body found or empty array
[2026-01-24T10:00:03.369Z] Start creating prescription for 697495ebc521d62b4dd2e1e9
[2026-01-24T10:00:03.371Z] Processing med: Paracetamol 500mg
[2026-01-24T10:00:03.385Z] Found med: Paracetamol 500mg (6970e6e5ae32f124038cbfef)
[2026-01-24T10:00:03.386Z] Creating Prescription with 1 items
[2026-01-24T10:00:03.437Z] Created Rx ID: 697498232b87de75d84369cc
[2026-01-24T10:57:39.827Z] Start creating prescription for 69749e45b7f96f3c360a93c7
[2026-01-24T10:57:39.831Z] Processing med: Paracetamol 500mg
[2026-01-24T10:57:39.841Z] Found med: Paracetamol 500mg (6970e6e5ae32f124038cbfef)
[2026-01-24T10:57:39.842Z] Creating Prescription with 1 items
[2026-01-24T10:57:39.871Z] Created Rx ID: 6974a5a3b2089ccbf5be717e
[2026-01-24T12:17:15.232Z] No prescription body found or empty array
[2026-01-24T12:24:58.201Z] No prescription body found or empty array
[2026-01-24T12:26:14.194Z] No prescription body found or empty array
[2026-01-24T12:58:27.573Z] Start creating prescription for 6974a540b2089ccbf5be70a4
[2026-01-24T12:58:27.575Z] Processing med: Paracetamol 500mg
[2026-01-24T12:58:27.584Z] Found med: Paracetamol 500mg (6970e6e5ae32f124038cbfef)
[2026-01-24T12:58:27.585Z] Creating Prescription with 1 items
[2026-01-24T12:58:27.612Z] Created Rx ID: 6974c1f37376066d5689d07a
[2026-01-24T12:58:32.622Z] Start creating prescription for 6974a540b2089ccbf5be70a4
[2026-01-24T12:58:32.623Z] Processing med: Paracetamol 500mg
[2026-01-24T12:58:32.635Z] Found med: Paracetamol 500mg (6970e6e5ae32f124038cbfef)
[2026-01-24T12:58:32.635Z] Creating Prescription with 1 items
[2026-01-24T12:58:32.697Z] Created Rx ID: 6974c1f87376066d5689d0a8
