2026-01-21 20:10:08 [ERROR]: uncaughtException: Cannot find module '../models/LabOrder'
Require stack:
- C:\Users\shrav\OneDrive\Desktop\HIS Quasar\HIS_Quasar\hospital-his-backend\services\adminDashboard.service.js
- C:\Users\shrav\OneDrive\Desktop\HIS Quasar\HIS_Quasar\hospital-his-backend\controllers\adminDashboard.controller.js
- C:\Users\shrav\OneDrive\Desktop\HIS Quasar\HIS_Quasar\hospital-his-backend\routes\adminDashboard.routes.js
- C:\Users\shrav\OneDrive\Desktop\HIS Quasar\HIS_Quasar\hospital-his-backend\server.js
Error: Cannot find module '../models/LabOrder'
Require stack:
- C:\Users\shrav\OneDrive\Desktop\HIS Quasar\HIS_Quasar\hospital-his-backend\services\adminDashboard.service.js
- C:\Users\shrav\OneDrive\Desktop\HIS Quasar\HIS_Quasar\hospital-his-backend\controllers\adminDashboard.controller.js
- C:\Users\shrav\OneDrive\Desktop\HIS Quasar\HIS_Quasar\hospital-his-backend\routes\adminDashboard.routes.js
- C:\Users\shrav\OneDrive\Desktop\HIS Quasar\HIS_Quasar\hospital-his-backend\server.js
    at Module._resolveFilename (node:internal/modules/cjs/loader:1420:15)
    at defaultResolveImpl (node:internal/modules/cjs/loader:1058:19)
    at resolveForCJSWithHooks (node:internal/modules/cjs/loader:1063:22)
    at Module._load (node:internal/modules/cjs/loader:1226:37)
    at TracingChannel.traceSync (node:diagnostics_channel:328:14)
    at wrapModuleLoad (node:internal/modules/cjs/loader:245:24)
    at Module.require (node:internal/modules/cjs/loader:1503:12)
    at require (node:internal/modules/helpers:152:16)
    at Object.<anonymous> (C:\Users\shrav\OneDrive\Desktop\HIS Quasar\HIS_Quasar\hospital-his-backend\services\adminDashboard.service.js:18:18)
    at Module._compile (node:internal/modules/cjs/loader:1760:14)
Error: Cannot find module '../models/LabOrder'
Require stack:
- C:\Users\shrav\OneDrive\Desktop\HIS Quasar\HIS_Quasar\hospital-his-backend\services\adminDashboard.service.js
- C:\Users\shrav\OneDrive\Desktop\HIS Quasar\HIS_Quasar\hospital-his-backend\controllers\adminDashboard.controller.js
- C:\Users\shrav\OneDrive\Desktop\HIS Quasar\HIS_Quasar\hospital-his-backend\routes\adminDashboard.routes.js
- C:\Users\shrav\OneDrive\Desktop\HIS Quasar\HIS_Quasar\hospital-his-backend\server.js
    at Module._resolveFilename (node:internal/modules/cjs/loader:1420:15)
    at defaultResolveImpl (node:internal/modules/cjs/loader:1058:19)
    at resolveForCJSWithHooks (node:internal/modules/cjs/loader:1063:22)
    at Module._load (node:internal/modules/cjs/loader:1226:37)
    at TracingChannel.traceSync (node:diagnostics_channel:328:14)
    at wrapModuleLoad (node:internal/modules/cjs/loader:245:24)
    at Module.require (node:internal/modules/cjs/loader:1503:12)
    at require (node:internal/modules/helpers:152:16)
    at Object.<anonymous> (C:\Users\shrav\OneDrive\Desktop\HIS Quasar\HIS_Quasar\hospital-his-backend\services\adminDashboard.service.js:18:18)
    at Module._compile (node:internal/modules/cjs/loader:1760:14)
2026-01-21 20:10:32 [ERROR]: uncaughtException: Cannot find module '../models/LabOrder'
Require stack:
- C:\Users\shrav\OneDrive\Desktop\HIS Quasar\HIS_Quasar\hospital-his-backend\services\adminDashboard.service.js
- C:\Users\shrav\OneDrive\Desktop\HIS Quasar\HIS_Quasar\hospital-his-backend\controllers\adminDashboard.controller.js
- C:\Users\shrav\OneDrive\Desktop\HIS Quasar\HIS_Quasar\hospital-his-backend\routes\adminDashboard.routes.js
- C:\Users\shrav\OneDrive\Desktop\HIS Quasar\HIS_Quasar\hospital-his-backend\server.js
Error: Cannot find module '../models/LabOrder'
Require stack:
- C:\Users\shrav\OneDrive\Desktop\HIS Quasar\HIS_Quasar\hospital-his-backend\services\adminDashboard.service.js
- C:\Users\shrav\OneDrive\Desktop\HIS Quasar\HIS_Quasar\hospital-his-backend\controllers\adminDashboard.controller.js
- C:\Users\shrav\OneDrive\Desktop\HIS Quasar\HIS_Quasar\hospital-his-backend\routes\adminDashboard.routes.js
- C:\Users\shrav\OneDrive\Desktop\HIS Quasar\HIS_Quasar\hospital-his-backend\server.js
    at Module._resolveFilename (node:internal/modules/cjs/loader:1420:15)
    at defaultResolveImpl (node:internal/modules/cjs/loader:1058:19)
    at resolveForCJSWithHooks (node:internal/modules/cjs/loader:1063:22)
    at Module._load (node:internal/modules/cjs/loader:1226:37)
    at TracingChannel.traceSync (node:diagnostics_channel:328:14)
    at wrapModuleLoad (node:internal/modules/cjs/loader:245:24)
    at Module.require (node:internal/modules/cjs/loader:1503:12)
    at require (node:internal/modules/helpers:152:16)
    at Object.<anonymous> (C:\Users\shrav\OneDrive\Desktop\HIS Quasar\HIS_Quasar\hospital-his-backend\services\adminDashboard.service.js:18:18)
    at Module._compile (node:internal/modules/cjs/loader:1760:14)
Error: Cannot find module '../models/LabOrder'
Require stack:
- C:\Users\shrav\OneDrive\Desktop\HIS Quasar\HIS_Quasar\hospital-his-backend\services\adminDashboard.service.js
- C:\Users\shrav\OneDrive\Desktop\HIS Quasar\HIS_Quasar\hospital-his-backend\controllers\adminDashboard.controller.js
- C:\Users\shrav\OneDrive\Desktop\HIS Quasar\HIS_Quasar\hospital-his-backend\routes\adminDashboard.routes.js
- C:\Users\shrav\OneDrive\Desktop\HIS Quasar\HIS_Quasar\hospital-his-backend\server.js
    at Module._resolveFilename (node:internal/modules/cjs/loader:1420:15)
    at defaultResolveImpl (node:internal/modules/cjs/loader:1058:19)
    at resolveForCJSWithHooks (node:internal/modules/cjs/loader:1063:22)
    at Module._load (node:internal/modules/cjs/loader:1226:37)
    at TracingChannel.traceSync (node:diagnostics_channel:328:14)
    at wrapModuleLoad (node:internal/modules/cjs/loader:245:24)
    at Module.require (node:internal/modules/cjs/loader:1503:12)
    at require (node:internal/modules/helpers:152:16)
    at Object.<anonymous> (C:\Users\shrav\OneDrive\Desktop\HIS Quasar\HIS_Quasar\hospital-his-backend\services\adminDashboard.service.js:18:18)
    at Module._compile (node:internal/modules/cjs/loader:1760:14)
2026-01-21 20:11:29 [ERROR]: uncaughtException: Cannot find module '../models/LabOrder'
Require stack:
- C:\Users\shrav\OneDrive\Desktop\HIS Quasar\HIS_Quasar\hospital-his-backend\services\adminDashboard.service.js
- C:\Users\shrav\OneDrive\Desktop\HIS Quasar\HIS_Quasar\hospital-his-backend\controllers\adminDashboard.controller.js
- C:\Users\shrav\OneDrive\Desktop\HIS Quasar\HIS_Quasar\hospital-his-backend\routes\adminDashboard.routes.js
- C:\Users\shrav\OneDrive\Desktop\HIS Quasar\HIS_Quasar\hospital-his-backend\server.js
Error: Cannot find module '../models/LabOrder'
Require stack:
- C:\Users\shrav\OneDrive\Desktop\HIS Quasar\HIS_Quasar\hospital-his-backend\services\adminDashboard.service.js
- C:\Users\shrav\OneDrive\Desktop\HIS Quasar\HIS_Quasar\hospital-his-backend\controllers\adminDashboard.controller.js
- C:\Users\shrav\OneDrive\Desktop\HIS Quasar\HIS_Quasar\hospital-his-backend\routes\adminDashboard.routes.js
- C:\Users\shrav\OneDrive\Desktop\HIS Quasar\HIS_Quasar\hospital-his-backend\server.js
    at Module._resolveFilename (node:internal/modules/cjs/loader:1420:15)
    at defaultResolveImpl (node:internal/modules/cjs/loader:1058:19)
    at resolveForCJSWithHooks (node:internal/modules/cjs/loader:1063:22)
    at Module._load (node:internal/modules/cjs/loader:1226:37)
    at TracingChannel.traceSync (node:diagnostics_channel:328:14)
    at wrapModuleLoad (node:internal/modules/cjs/loader:245:24)
    at Module.require (node:internal/modules/cjs/loader:1503:12)
    at require (node:internal/modules/helpers:152:16)
    at Object.<anonymous> (C:\Users\shrav\OneDrive\Desktop\HIS Quasar\HIS_Quasar\hospital-his-backend\services\adminDashboard.service.js:18:18)
    at Module._compile (node:internal/modules/cjs/loader:1760:14)
Error: Cannot find module '../models/LabOrder'
Require stack:
- C:\Users\shrav\OneDrive\Desktop\HIS Quasar\HIS_Quasar\hospital-his-backend\services\adminDashboard.service.js
- C:\Users\shrav\OneDrive\Desktop\HIS Quasar\HIS_Quasar\hospital-his-backend\controllers\adminDashboard.controller.js
- C:\Users\shrav\OneDrive\Desktop\HIS Quasar\HIS_Quasar\hospital-his-backend\routes\adminDashboard.routes.js
- C:\Users\shrav\OneDrive\Desktop\HIS Quasar\HIS_Quasar\hospital-his-backend\server.js
    at Module._resolveFilename (node:internal/modules/cjs/loader:1420:15)
    at defaultResolveImpl (node:internal/modules/cjs/loader:1058:19)
    at resolveForCJSWithHooks (node:internal/modules/cjs/loader:1063:22)
    at Module._load (node:internal/modules/cjs/loader:1226:37)
    at TracingChannel.traceSync (node:diagnostics_channel:328:14)
    at wrapModuleLoad (node:internal/modules/cjs/loader:245:24)
    at Module.require (node:internal/modules/cjs/loader:1503:12)
    at require (node:internal/modules/helpers:152:16)
    at Object.<anonymous> (C:\Users\shrav\OneDrive\Desktop\HIS Quasar\HIS_Quasar\hospital-his-backend\services\adminDashboard.service.js:18:18)
    at Module._compile (node:internal/modules/cjs/loader:1760:14)
2026-01-21 20:11:55 [ERROR]: uncaughtException: Cannot find module '../models/LabOrder'
Require stack:
- C:\Users\shrav\OneDrive\Desktop\HIS Quasar\HIS_Quasar\hospital-his-backend\services\adminDashboard.service.js
- C:\Users\shrav\OneDrive\Desktop\HIS Quasar\HIS_Quasar\hospital-his-backend\controllers\adminDashboard.controller.js
- C:\Users\shrav\OneDrive\Desktop\HIS Quasar\HIS_Quasar\hospital-his-backend\routes\adminDashboard.routes.js
- C:\Users\shrav\OneDrive\Desktop\HIS Quasar\HIS_Quasar\hospital-his-backend\server.js
Error: Cannot find module '../models/LabOrder'
Require stack:
- C:\Users\shrav\OneDrive\Desktop\HIS Quasar\HIS_Quasar\hospital-his-backend\services\adminDashboard.service.js
- C:\Users\shrav\OneDrive\Desktop\HIS Quasar\HIS_Quasar\hospital-his-backend\controllers\adminDashboard.controller.js
- C:\Users\shrav\OneDrive\Desktop\HIS Quasar\HIS_Quasar\hospital-his-backend\routes\adminDashboard.routes.js
- C:\Users\shrav\OneDrive\Desktop\HIS Quasar\HIS_Quasar\hospital-his-backend\server.js
    at Function._resolveFilename (node:internal/modules/cjs/loader:1225:15)
    at Function._load (node:internal/modules/cjs/loader:1055:27)
    at TracingChannel.traceSync (node:diagnostics_channel:322:14)
    at wrapModuleLoad (node:internal/modules/cjs/loader:220:24)
    at Module.require (node:internal/modules/cjs/loader:1311:12)
    at require (node:internal/modules/helpers:136:16)
    at Object.<anonymous> (C:\Users\shrav\OneDrive\Desktop\HIS Quasar\HIS_Quasar\hospital-his-backend\services\adminDashboard.service.js:18:18)
    at Module._compile (node:internal/modules/cjs/loader:1554:14)
    at Object..js (node:internal/modules/cjs/loader:1706:10)
    at Module.load (node:internal/modules/cjs/loader:1289:32)
Error: Cannot find module '../models/LabOrder'
Require stack:
- C:\Users\shrav\OneDrive\Desktop\HIS Quasar\HIS_Quasar\hospital-his-backend\services\adminDashboard.service.js
- C:\Users\shrav\OneDrive\Desktop\HIS Quasar\HIS_Quasar\hospital-his-backend\controllers\adminDashboard.controller.js
- C:\Users\shrav\OneDrive\Desktop\HIS Quasar\HIS_Quasar\hospital-his-backend\routes\adminDashboard.routes.js
- C:\Users\shrav\OneDrive\Desktop\HIS Quasar\HIS_Quasar\hospital-his-backend\server.js
    at Function._resolveFilename (node:internal/modules/cjs/loader:1225:15)
    at Function._load (node:internal/modules/cjs/loader:1055:27)
    at TracingChannel.traceSync (node:diagnostics_channel:322:14)
    at wrapModuleLoad (node:internal/modules/cjs/loader:220:24)
    at Module.require (node:internal/modules/cjs/loader:1311:12)
    at require (node:internal/modules/helpers:136:16)
    at Object.<anonymous> (C:\Users\shrav\OneDrive\Desktop\HIS Quasar\HIS_Quasar\hospital-his-backend\services\adminDashboard.service.js:18:18)
    at Module._compile (node:internal/modules/cjs/loader:1554:14)
    at Object..js (node:internal/modules/cjs/loader:1706:10)
    at Module.load (node:internal/modules/cjs/loader:1289:32)
2026-01-21 20:12:27 [ERROR]: uncaughtException: Cannot find module '../models/LabOrder'
Require stack:
- C:\Users\shrav\OneDrive\Desktop\HIS Quasar\HIS_Quasar\hospital-his-backend\services\adminDashboard.service.js
- C:\Users\shrav\OneDrive\Desktop\HIS Quasar\HIS_Quasar\hospital-his-backend\controllers\adminDashboard.controller.js
- C:\Users\shrav\OneDrive\Desktop\HIS Quasar\HIS_Quasar\hospital-his-backend\routes\adminDashboard.routes.js
- C:\Users\shrav\OneDrive\Desktop\HIS Quasar\HIS_Quasar\hospital-his-backend\server.js
Error: Cannot find module '../models/LabOrder'
Require stack:
- C:\Users\shrav\OneDrive\Desktop\HIS Quasar\HIS_Quasar\hospital-his-backend\services\adminDashboard.service.js
- C:\Users\shrav\OneDrive\Desktop\HIS Quasar\HIS_Quasar\hospital-his-backend\controllers\adminDashboard.controller.js
- C:\Users\shrav\OneDrive\Desktop\HIS Quasar\HIS_Quasar\hospital-his-backend\routes\adminDashboard.routes.js
- C:\Users\shrav\OneDrive\Desktop\HIS Quasar\HIS_Quasar\hospital-his-backend\server.js
    at Function._resolveFilename (node:internal/modules/cjs/loader:1225:15)
    at Function._load (node:internal/modules/cjs/loader:1055:27)
    at TracingChannel.traceSync (node:diagnostics_channel:322:14)
    at wrapModuleLoad (node:internal/modules/cjs/loader:220:24)
    at Module.require (node:internal/modules/cjs/loader:1311:12)
    at require (node:internal/modules/helpers:136:16)
    at Object.<anonymous> (C:\Users\shrav\OneDrive\Desktop\HIS Quasar\HIS_Quasar\hospital-his-backend\services\adminDashboard.service.js:18:18)
    at Module._compile (node:internal/modules/cjs/loader:1554:14)
    at Object..js (node:internal/modules/cjs/loader:1706:10)
    at Module.load (node:internal/modules/cjs/loader:1289:32)
Error: Cannot find module '../models/LabOrder'
Require stack:
- C:\Users\shrav\OneDrive\Desktop\HIS Quasar\HIS_Quasar\hospital-his-backend\services\adminDashboard.service.js
- C:\Users\shrav\OneDrive\Desktop\HIS Quasar\HIS_Quasar\hospital-his-backend\controllers\adminDashboard.controller.js
- C:\Users\shrav\OneDrive\Desktop\HIS Quasar\HIS_Quasar\hospital-his-backend\routes\adminDashboard.routes.js
- C:\Users\shrav\OneDrive\Desktop\HIS Quasar\HIS_Quasar\hospital-his-backend\server.js
    at Function._resolveFilename (node:internal/modules/cjs/loader:1225:15)
    at Function._load (node:internal/modules/cjs/loader:1055:27)
    at TracingChannel.traceSync (node:diagnostics_channel:322:14)
    at wrapModuleLoad (node:internal/modules/cjs/loader:220:24)
    at Module.require (node:internal/modules/cjs/loader:1311:12)
    at require (node:internal/modules/helpers:136:16)
    at Object.<anonymous> (C:\Users\shrav\OneDrive\Desktop\HIS Quasar\HIS_Quasar\hospital-his-backend\services\adminDashboard.service.js:18:18)
    at Module._compile (node:internal/modules/cjs/loader:1554:14)
    at Object..js (node:internal/modules/cjs/loader:1706:10)
    at Module.load (node:internal/modules/cjs/loader:1289:32)
2026-01-22 17:46:29 [ERROR]: uncaughtException: asyncHandler is not defined
ReferenceError: asyncHandler is not defined
    at Object.<anonymous> (D:\HIS Quasar 4 - Copy\HIS_Quasar\hospital-his-backend\controllers\emergency.controller.js:7:1)
    at Module._compile (node:internal/modules/cjs/loader:1554:14)
    at Object..js (node:internal/modules/cjs/loader:1706:10)
    at Module.load (node:internal/modules/cjs/loader:1289:32)
    at Function._load (node:internal/modules/cjs/loader:1108:12)
    at TracingChannel.traceSync (node:diagnostics_channel:322:14)
    at wrapModuleLoad (node:internal/modules/cjs/loader:220:24)
    at Module.require (node:internal/modules/cjs/loader:1311:12)
    at require (node:internal/modules/helpers:136:16)
    at Object.<anonymous> (D:\HIS Quasar 4 - Copy\HIS_Quasar\hospital-his-backend\routes\emergency.routes.js:3:29)
ReferenceError: asyncHandler is not defined
    at Object.<anonymous> (D:\HIS Quasar 4 - Copy\HIS_Quasar\hospital-his-backend\controllers\emergency.controller.js:7:1)
    at Module._compile (node:internal/modules/cjs/loader:1554:14)
    at Object..js (node:internal/modules/cjs/loader:1706:10)
    at Module.load (node:internal/modules/cjs/loader:1289:32)
    at Function._load (node:internal/modules/cjs/loader:1108:12)
    at TracingChannel.traceSync (node:diagnostics_channel:322:14)
    at wrapModuleLoad (node:internal/modules/cjs/loader:220:24)
    at Module.require (node:internal/modules/cjs/loader:1311:12)
    at require (node:internal/modules/helpers:136:16)
    at Object.<anonymous> (D:\HIS Quasar 4 - Copy\HIS_Quasar\hospital-his-backend\routes\emergency.routes.js:3:29)
2026-01-22 18:38:06 [ERROR]: uncaughtException: Route.post() requires a callback function but got a [object Undefined]
Error: Route.post() requires a callback function but got a [object Undefined]
    at Route.<computed> [as post] (D:\HIS Quasar 4 - Copy\HIS_Quasar\hospital-his-backend\node_modules\express\lib\router\route.js:216:15)
    at proto.<computed> [as post] (D:\HIS Quasar 4 - Copy\HIS_Quasar\hospital-his-backend\node_modules\express\lib\router\index.js:521:19)
    at Object.<anonymous> (D:\HIS Quasar 4 - Copy\HIS_Quasar\hospital-his-backend\routes\emergency.routes.js:67:8)
    at Module._compile (node:internal/modules/cjs/loader:1554:14)
    at Object..js (node:internal/modules/cjs/loader:1706:10)
    at Module.load (node:internal/modules/cjs/loader:1289:32)
    at Function._load (node:internal/modules/cjs/loader:1108:12)
    at TracingChannel.traceSync (node:diagnostics_channel:322:14)
    at wrapModuleLoad (node:internal/modules/cjs/loader:220:24)
    at Module.require (node:internal/modules/cjs/loader:1311:12)
Error: Route.post() requires a callback function but got a [object Undefined]
    at Route.<computed> [as post] (D:\HIS Quasar 4 - Copy\HIS_Quasar\hospital-his-backend\node_modules\express\lib\router\route.js:216:15)
    at proto.<computed> [as post] (D:\HIS Quasar 4 - Copy\HIS_Quasar\hospital-his-backend\node_modules\express\lib\router\index.js:521:19)
    at Object.<anonymous> (D:\HIS Quasar 4 - Copy\HIS_Quasar\hospital-his-backend\routes\emergency.routes.js:67:8)
    at Module._compile (node:internal/modules/cjs/loader:1554:14)
    at Object..js (node:internal/modules/cjs/loader:1706:10)
    at Module.load (node:internal/modules/cjs/loader:1289:32)
    at Function._load (node:internal/modules/cjs/loader:1108:12)
    at TracingChannel.traceSync (node:diagnostics_channel:322:14)
    at wrapModuleLoad (node:internal/modules/cjs/loader:220:24)
    at Module.require (node:internal/modules/cjs/loader:1311:12)
2026-01-23 02:36:14 [ERROR]: uncaughtException: Cannot find module '../middleware/asyncHandler'
Require stack:
- D:\HIS Quasar 4 - Copy\HIS_Quasar\hospital-his-backend\controllers\inventoryManager.controller.js
- D:\HIS Quasar 4 - Copy\HIS_Quasar\hospital-his-backend\routes\inventoryManager.routes.js
- D:\HIS Quasar 4 - Copy\HIS_Quasar\hospital-his-backend\server.js
Error: Cannot find module '../middleware/asyncHandler'
Require stack:
- D:\HIS Quasar 4 - Copy\HIS_Quasar\hospital-his-backend\controllers\inventoryManager.controller.js
- D:\HIS Quasar 4 - Copy\HIS_Quasar\hospital-his-backend\routes\inventoryManager.routes.js
- D:\HIS Quasar 4 - Copy\HIS_Quasar\hospital-his-backend\server.js
    at Function._resolveFilename (node:internal/modules/cjs/loader:1225:15)
    at Function._load (node:internal/modules/cjs/loader:1055:27)
    at TracingChannel.traceSync (node:diagnostics_channel:322:14)
    at wrapModuleLoad (node:internal/modules/cjs/loader:220:24)
    at Module.require (node:internal/modules/cjs/loader:1311:12)
    at require (node:internal/modules/helpers:136:16)
    at Object.<anonymous> (D:\HIS Quasar 4 - Copy\HIS_Quasar\hospital-his-backend\controllers\inventoryManager.controller.js:21:22)
    at Module._compile (node:internal/modules/cjs/loader:1554:14)
    at Object..js (node:internal/modules/cjs/loader:1706:10)
    at Module.load (node:internal/modules/cjs/loader:1289:32)
Error: Cannot find module '../middleware/asyncHandler'
Require stack:
- D:\HIS Quasar 4 - Copy\HIS_Quasar\hospital-his-backend\controllers\inventoryManager.controller.js
- D:\HIS Quasar 4 - Copy\HIS_Quasar\hospital-his-backend\routes\inventoryManager.routes.js
- D:\HIS Quasar 4 - Copy\HIS_Quasar\hospital-his-backend\server.js
    at Function._resolveFilename (node:internal/modules/cjs/loader:1225:15)
    at Function._load (node:internal/modules/cjs/loader:1055:27)
    at TracingChannel.traceSync (node:diagnostics_channel:322:14)
    at wrapModuleLoad (node:internal/modules/cjs/loader:220:24)
    at Module.require (node:internal/modules/cjs/loader:1311:12)
    at require (node:internal/modules/helpers:136:16)
    at Object.<anonymous> (D:\HIS Quasar 4 - Copy\HIS_Quasar\hospital-his-backend\controllers\inventoryManager.controller.js:21:22)
    at Module._compile (node:internal/modules/cjs/loader:1554:14)
    at Object..js (node:internal/modules/cjs/loader:1706:10)
    at Module.load (node:internal/modules/cjs/loader:1289:32)
2026-01-23 02:38:57 [ERROR]: uncaughtException: Cannot find module '../middleware/asyncHandler'
Require stack:
- D:\HIS Quasar 4 - Copy\HIS_Quasar\hospital-his-backend\controllers\inventoryManager.controller.js
- D:\HIS Quasar 4 - Copy\HIS_Quasar\hospital-his-backend\routes\inventoryManager.routes.js
- D:\HIS Quasar 4 - Copy\HIS_Quasar\hospital-his-backend\server.js
Error: Cannot find module '../middleware/asyncHandler'
Require stack:
- D:\HIS Quasar 4 - Copy\HIS_Quasar\hospital-his-backend\controllers\inventoryManager.controller.js
- D:\HIS Quasar 4 - Copy\HIS_Quasar\hospital-his-backend\routes\inventoryManager.routes.js
- D:\HIS Quasar 4 - Copy\HIS_Quasar\hospital-his-backend\server.js
    at Function._resolveFilename (node:internal/modules/cjs/loader:1225:15)
    at Function._load (node:internal/modules/cjs/loader:1055:27)
    at TracingChannel.traceSync (node:diagnostics_channel:322:14)
    at wrapModuleLoad (node:internal/modules/cjs/loader:220:24)
    at Module.require (node:internal/modules/cjs/loader:1311:12)
    at require (node:internal/modules/helpers:136:16)
    at Object.<anonymous> (D:\HIS Quasar 4 - Copy\HIS_Quasar\hospital-his-backend\controllers\inventoryManager.controller.js:21:22)
    at Module._compile (node:internal/modules/cjs/loader:1554:14)
    at Object..js (node:internal/modules/cjs/loader:1706:10)
    at Module.load (node:internal/modules/cjs/loader:1289:32)
Error: Cannot find module '../middleware/asyncHandler'
Require stack:
- D:\HIS Quasar 4 - Copy\HIS_Quasar\hospital-his-backend\controllers\inventoryManager.controller.js
- D:\HIS Quasar 4 - Copy\HIS_Quasar\hospital-his-backend\routes\inventoryManager.routes.js
- D:\HIS Quasar 4 - Copy\HIS_Quasar\hospital-his-backend\server.js
    at Function._resolveFilename (node:internal/modules/cjs/loader:1225:15)
    at Function._load (node:internal/modules/cjs/loader:1055:27)
    at TracingChannel.traceSync (node:diagnostics_channel:322:14)
    at wrapModuleLoad (node:internal/modules/cjs/loader:220:24)
    at Module.require (node:internal/modules/cjs/loader:1311:12)
    at require (node:internal/modules/helpers:136:16)
    at Object.<anonymous> (D:\HIS Quasar 4 - Copy\HIS_Quasar\hospital-his-backend\controllers\inventoryManager.controller.js:21:22)
    at Module._compile (node:internal/modules/cjs/loader:1554:14)
    at Object..js (node:internal/modules/cjs/loader:1706:10)
    at Module.load (node:internal/modules/cjs/loader:1289:32)
2026-01-23 02:40:13 [ERROR]: uncaughtException: Cannot find module '../middleware/asyncHandler'
Require stack:
- D:\HIS Quasar 4 - Copy\HIS_Quasar\hospital-his-backend\controllers\inventoryManager.controller.js
- D:\HIS Quasar 4 - Copy\HIS_Quasar\hospital-his-backend\routes\inventoryManager.routes.js
- D:\HIS Quasar 4 - Copy\HIS_Quasar\hospital-his-backend\server.js
Error: Cannot find module '../middleware/asyncHandler'
Require stack:
- D:\HIS Quasar 4 - Copy\HIS_Quasar\hospital-his-backend\controllers\inventoryManager.controller.js
- D:\HIS Quasar 4 - Copy\HIS_Quasar\hospital-his-backend\routes\inventoryManager.routes.js
- D:\HIS Quasar 4 - Copy\HIS_Quasar\hospital-his-backend\server.js
    at Function._resolveFilename (node:internal/modules/cjs/loader:1225:15)
    at Function._load (node:internal/modules/cjs/loader:1055:27)
    at TracingChannel.traceSync (node:diagnostics_channel:322:14)
    at wrapModuleLoad (node:internal/modules/cjs/loader:220:24)
    at Module.require (node:internal/modules/cjs/loader:1311:12)
    at require (node:internal/modules/helpers:136:16)
    at Object.<anonymous> (D:\HIS Quasar 4 - Copy\HIS_Quasar\hospital-his-backend\controllers\inventoryManager.controller.js:21:22)
    at Module._compile (node:internal/modules/cjs/loader:1554:14)
    at Object..js (node:internal/modules/cjs/loader:1706:10)
    at Module.load (node:internal/modules/cjs/loader:1289:32)
Error: Cannot find module '../middleware/asyncHandler'
Require stack:
- D:\HIS Quasar 4 - Copy\HIS_Quasar\hospital-his-backend\controllers\inventoryManager.controller.js
- D:\HIS Quasar 4 - Copy\HIS_Quasar\hospital-his-backend\routes\inventoryManager.routes.js
- D:\HIS Quasar 4 - Copy\HIS_Quasar\hospital-his-backend\server.js
    at Function._resolveFilename (node:internal/modules/cjs/loader:1225:15)
    at Function._load (node:internal/modules/cjs/loader:1055:27)
    at TracingChannel.traceSync (node:diagnostics_channel:322:14)
    at wrapModuleLoad (node:internal/modules/cjs/loader:220:24)
    at Module.require (node:internal/modules/cjs/loader:1311:12)
    at require (node:internal/modules/helpers:136:16)
    at Object.<anonymous> (D:\HIS Quasar 4 - Copy\HIS_Quasar\hospital-his-backend\controllers\inventoryManager.controller.js:21:22)
    at Module._compile (node:internal/modules/cjs/loader:1554:14)
    at Object..js (node:internal/modules/cjs/loader:1706:10)
    at Module.load (node:internal/modules/cjs/loader:1289:32)
2026-01-23 02:40:59 [ERROR]: uncaughtException: Cannot find module '../middleware/asyncHandler'
Require stack:
- D:\HIS Quasar 4 - Copy\HIS_Quasar\hospital-his-backend\controllers\inventoryManager.controller.js
- D:\HIS Quasar 4 - Copy\HIS_Quasar\hospital-his-backend\routes\inventoryManager.routes.js
- D:\HIS Quasar 4 - Copy\HIS_Quasar\hospital-his-backend\server.js
Error: Cannot find module '../middleware/asyncHandler'
Require stack:
- D:\HIS Quasar 4 - Copy\HIS_Quasar\hospital-his-backend\controllers\inventoryManager.controller.js
- D:\HIS Quasar 4 - Copy\HIS_Quasar\hospital-his-backend\routes\inventoryManager.routes.js
- D:\HIS Quasar 4 - Copy\HIS_Quasar\hospital-his-backend\server.js
    at Function._resolveFilename (node:internal/modules/cjs/loader:1225:15)
    at Function._load (node:internal/modules/cjs/loader:1055:27)
    at TracingChannel.traceSync (node:diagnostics_channel:322:14)
    at wrapModuleLoad (node:internal/modules/cjs/loader:220:24)
    at Module.require (node:internal/modules/cjs/loader:1311:12)
    at require (node:internal/modules/helpers:136:16)
    at Object.<anonymous> (D:\HIS Quasar 4 - Copy\HIS_Quasar\hospital-his-backend\controllers\inventoryManager.controller.js:21:22)
    at Module._compile (node:internal/modules/cjs/loader:1554:14)
    at Object..js (node:internal/modules/cjs/loader:1706:10)
    at Module.load (node:internal/modules/cjs/loader:1289:32)
Error: Cannot find module '../middleware/asyncHandler'
Require stack:
- D:\HIS Quasar 4 - Copy\HIS_Quasar\hospital-his-backend\controllers\inventoryManager.controller.js
- D:\HIS Quasar 4 - Copy\HIS_Quasar\hospital-his-backend\routes\inventoryManager.routes.js
- D:\HIS Quasar 4 - Copy\HIS_Quasar\hospital-his-backend\server.js
    at Function._resolveFilename (node:internal/modules/cjs/loader:1225:15)
    at Function._load (node:internal/modules/cjs/loader:1055:27)
    at TracingChannel.traceSync (node:diagnostics_channel:322:14)
    at wrapModuleLoad (node:internal/modules/cjs/loader:220:24)
    at Module.require (node:internal/modules/cjs/loader:1311:12)
    at require (node:internal/modules/helpers:136:16)
    at Object.<anonymous> (D:\HIS Quasar 4 - Copy\HIS_Quasar\hospital-his-backend\controllers\inventoryManager.controller.js:21:22)
    at Module._compile (node:internal/modules/cjs/loader:1554:14)
    at Object..js (node:internal/modules/cjs/loader:1706:10)
    at Module.load (node:internal/modules/cjs/loader:1289:32)
2026-01-23 02:44:24 [ERROR]: uncaughtException: Cannot find module '../middleware/asyncHandler'
Require stack:
- D:\HIS Quasar 4 - Copy\HIS_Quasar\hospital-his-backend\controllers\inventoryManager.controller.js
- D:\HIS Quasar 4 - Copy\HIS_Quasar\hospital-his-backend\routes\inventoryManager.routes.js
- D:\HIS Quasar 4 - Copy\HIS_Quasar\hospital-his-backend\server.js
Error: Cannot find module '../middleware/asyncHandler'
Require stack:
- D:\HIS Quasar 4 - Copy\HIS_Quasar\hospital-his-backend\controllers\inventoryManager.controller.js
- D:\HIS Quasar 4 - Copy\HIS_Quasar\hospital-his-backend\routes\inventoryManager.routes.js
- D:\HIS Quasar 4 - Copy\HIS_Quasar\hospital-his-backend\server.js
    at Function._resolveFilename (node:internal/modules/cjs/loader:1225:15)
    at Function._load (node:internal/modules/cjs/loader:1055:27)
    at TracingChannel.traceSync (node:diagnostics_channel:322:14)
    at wrapModuleLoad (node:internal/modules/cjs/loader:220:24)
    at Module.require (node:internal/modules/cjs/loader:1311:12)
    at require (node:internal/modules/helpers:136:16)
    at Object.<anonymous> (D:\HIS Quasar 4 - Copy\HIS_Quasar\hospital-his-backend\controllers\inventoryManager.controller.js:21:22)
    at Module._compile (node:internal/modules/cjs/loader:1554:14)
    at Object..js (node:internal/modules/cjs/loader:1706:10)
    at Module.load (node:internal/modules/cjs/loader:1289:32)
Error: Cannot find module '../middleware/asyncHandler'
Require stack:
- D:\HIS Quasar 4 - Copy\HIS_Quasar\hospital-his-backend\controllers\inventoryManager.controller.js
- D:\HIS Quasar 4 - Copy\HIS_Quasar\hospital-his-backend\routes\inventoryManager.routes.js
- D:\HIS Quasar 4 - Copy\HIS_Quasar\hospital-his-backend\server.js
    at Function._resolveFilename (node:internal/modules/cjs/loader:1225:15)
    at Function._load (node:internal/modules/cjs/loader:1055:27)
    at TracingChannel.traceSync (node:diagnostics_channel:322:14)
    at wrapModuleLoad (node:internal/modules/cjs/loader:220:24)
    at Module.require (node:internal/modules/cjs/loader:1311:12)
    at require (node:internal/modules/helpers:136:16)
    at Object.<anonymous> (D:\HIS Quasar 4 - Copy\HIS_Quasar\hospital-his-backend\controllers\inventoryManager.controller.js:21:22)
    at Module._compile (node:internal/modules/cjs/loader:1554:14)
    at Object..js (node:internal/modules/cjs/loader:1706:10)
    at Module.load (node:internal/modules/cjs/loader:1289:32)
2026-01-23 02:44:49 [ERROR]: uncaughtException: Router.use() requires a middleware function
TypeError: Router.use() requires a middleware function
    at Function.use (D:\HIS Quasar 4 - Copy\HIS_Quasar\hospital-his-backend\node_modules\express\lib\router\index.js:462:11)
    at Object.<anonymous> (D:\HIS Quasar 4 - Copy\HIS_Quasar\hospital-his-backend\routes\inventoryManager.routes.js:15:8)
    at Module._compile (node:internal/modules/cjs/loader:1554:14)
    at Object..js (node:internal/modules/cjs/loader:1706:10)
    at Module.load (node:internal/modules/cjs/loader:1289:32)
    at Function._load (node:internal/modules/cjs/loader:1108:12)
    at TracingChannel.traceSync (node:diagnostics_channel:322:14)
    at wrapModuleLoad (node:internal/modules/cjs/loader:220:24)
    at Module.require (node:internal/modules/cjs/loader:1311:12)
    at require (node:internal/modules/helpers:136:16)
TypeError: Router.use() requires a middleware function
    at Function.use (D:\HIS Quasar 4 - Copy\HIS_Quasar\hospital-his-backend\node_modules\express\lib\router\index.js:462:11)
    at Object.<anonymous> (D:\HIS Quasar 4 - Copy\HIS_Quasar\hospital-his-backend\routes\inventoryManager.routes.js:15:8)
    at Module._compile (node:internal/modules/cjs/loader:1554:14)
    at Object..js (node:internal/modules/cjs/loader:1706:10)
    at Module.load (node:internal/modules/cjs/loader:1289:32)
    at Function._load (node:internal/modules/cjs/loader:1108:12)
    at TracingChannel.traceSync (node:diagnostics_channel:322:14)
    at wrapModuleLoad (node:internal/modules/cjs/loader:220:24)
    at Module.require (node:internal/modules/cjs/loader:1311:12)
    at require (node:internal/modules/helpers:136:16)
2026-01-23 16:39:16 [ERROR]: uncaughtException: Route.post() requires a callback function but got a [object Undefined]
Error: Route.post() requires a callback function but got a [object Undefined]
    at Route.<computed> [as post] (C:\Users\shrav\OneDrive\Desktop\HIS2\HIS_Quasar\hospital-his-backend\node_modules\express\lib\router\route.js:216:15)
    at proto.<computed> [as post] (C:\Users\shrav\OneDrive\Desktop\HIS2\HIS_Quasar\hospital-his-backend\node_modules\express\lib\router\index.js:521:19)
    at Object.<anonymous> (C:\Users\shrav\OneDrive\Desktop\HIS2\HIS_Quasar\hospital-his-backend\routes\clinicalCoding.routes.js:167:8)
    at Module._compile (node:internal/modules/cjs/loader:1760:14)
    at Object..js (node:internal/modules/cjs/loader:1892:10)
    at Module.load (node:internal/modules/cjs/loader:1480:32)
    at Module._load (node:internal/modules/cjs/loader:1299:12)
    at TracingChannel.traceSync (node:diagnostics_channel:328:14)
    at wrapModuleLoad (node:internal/modules/cjs/loader:245:24)
    at Module.require (node:internal/modules/cjs/loader:1503:12)
Error: Route.post() requires a callback function but got a [object Undefined]
    at Route.<computed> [as post] (C:\Users\shrav\OneDrive\Desktop\HIS2\HIS_Quasar\hospital-his-backend\node_modules\express\lib\router\route.js:216:15)
    at proto.<computed> [as post] (C:\Users\shrav\OneDrive\Desktop\HIS2\HIS_Quasar\hospital-his-backend\node_modules\express\lib\router\index.js:521:19)
    at Object.<anonymous> (C:\Users\shrav\OneDrive\Desktop\HIS2\HIS_Quasar\hospital-his-backend\routes\clinicalCoding.routes.js:167:8)
    at Module._compile (node:internal/modules/cjs/loader:1760:14)
    at Object..js (node:internal/modules/cjs/loader:1892:10)
    at Module.load (node:internal/modules/cjs/loader:1480:32)
    at Module._load (node:internal/modules/cjs/loader:1299:12)
    at TracingChannel.traceSync (node:diagnostics_channel:328:14)
    at wrapModuleLoad (node:internal/modules/cjs/loader:245:24)
    at Module.require (node:internal/modules/cjs/loader:1503:12)
2026-01-23 17:43:49 [ERROR]: uncaughtException: Unexpected token ':'
C:\Users\shrav\OneDrive\Desktop\HIS2\HIS_Quasar\hospital-his-backend\services\clinicalCoding.service.js:366
    totalAmount: record.assignedCodes.reduce((sum, c) => sum + (c.amount || 0) * (c.quantity || 1), 0),
               ^

SyntaxError: Unexpected token ':'
    at wrapSafe (node:internal/modules/cjs/loader:1691:18)
    at Module._compile (node:internal/modules/cjs/loader:1734:20)
    at Object..js (node:internal/modules/cjs/loader:1892:10)
    at Module.load (node:internal/modules/cjs/loader:1480:32)
    at Module._load (node:internal/modules/cjs/loader:1299:12)
    at TracingChannel.traceSync (node:diagnostics_channel:328:14)
    at wrapModuleLoad (node:internal/modules/cjs/loader:245:24)
    at Module.require (node:internal/modules/cjs/loader:1503:12)
    at require (node:internal/modules/helpers:152:16)
    at Object.<anonymous> (C:\Users\shrav\OneDrive\Desktop\HIS2\HIS_Quasar\hospital-his-backend\controllers\clinicalCoding.controller.js:10:31)
C:\Users\shrav\OneDrive\Desktop\HIS2\HIS_Quasar\hospital-his-backend\services\clinicalCoding.service.js:366
    totalAmount: record.assignedCodes.reduce((sum, c) => sum + (c.amount || 0) * (c.quantity || 1), 0),
               ^

SyntaxError: Unexpected token ':'
    at wrapSafe (node:internal/modules/cjs/loader:1691:18)
    at Module._compile (node:internal/modules/cjs/loader:1734:20)
    at Object..js (node:internal/modules/cjs/loader:1892:10)
    at Module.load (node:internal/modules/cjs/loader:1480:32)
    at Module._load (node:internal/modules/cjs/loader:1299:12)
    at TracingChannel.traceSync (node:diagnostics_channel:328:14)
    at wrapModuleLoad (node:internal/modules/cjs/loader:245:24)
    at Module.require (node:internal/modules/cjs/loader:1503:12)
    at require (node:internal/modules/helpers:152:16)
    at Object.<anonymous> (C:\Users\shrav\OneDrive\Desktop\HIS2\HIS_Quasar\hospital-his-backend\controllers\clinicalCoding.controller.js:10:31)
2026-01-23 17:56:01 [ERROR]: uncaughtException: Unexpected identifier 'rate'
C:\Users\shrav\OneDrive\Desktop\HIS2\HIS_Quasar\hospital-his-backend\services\clinicalCoding.service.js:379
                let rate = item.amount || item.code?.baseRate || 0;
                    ^^^^

SyntaxError: Unexpected identifier 'rate'
    at wrapSafe (node:internal/modules/cjs/loader:1691:18)
    at Module._compile (node:internal/modules/cjs/loader:1734:20)
    at Object..js (node:internal/modules/cjs/loader:1892:10)
    at Module.load (node:internal/modules/cjs/loader:1480:32)
    at Module._load (node:internal/modules/cjs/loader:1299:12)
    at TracingChannel.traceSync (node:diagnostics_channel:328:14)
    at wrapModuleLoad (node:internal/modules/cjs/loader:245:24)
    at Module.require (node:internal/modules/cjs/loader:1503:12)
    at require (node:internal/modules/helpers:152:16)
    at Object.<anonymous> (C:\Users\shrav\OneDrive\Desktop\HIS2\HIS_Quasar\hospital-his-backend\controllers\clinicalCoding.controller.js:10:31)
C:\Users\shrav\OneDrive\Desktop\HIS2\HIS_Quasar\hospital-his-backend\services\clinicalCoding.service.js:379
                let rate = item.amount || item.code?.baseRate || 0;
                    ^^^^

SyntaxError: Unexpected identifier 'rate'
    at wrapSafe (node:internal/modules/cjs/loader:1691:18)
    at Module._compile (node:internal/modules/cjs/loader:1734:20)
    at Object..js (node:internal/modules/cjs/loader:1892:10)
    at Module.load (node:internal/modules/cjs/loader:1480:32)
    at Module._load (node:internal/modules/cjs/loader:1299:12)
    at TracingChannel.traceSync (node:diagnostics_channel:328:14)
    at wrapModuleLoad (node:internal/modules/cjs/loader:245:24)
    at Module.require (node:internal/modules/cjs/loader:1503:12)
    at require (node:internal/modules/helpers:152:16)
    at Object.<anonymous> (C:\Users\shrav\OneDrive\Desktop\HIS2\HIS_Quasar\hospital-his-backend\controllers\clinicalCoding.controller.js:10:31)
2026-01-24 16:06:12 [ERROR]: uncaughtException: Route.get() requires a callback function but got a [object Undefined]
Error: Route.get() requires a callback function but got a [object Undefined]
    at Route.<computed> [as get] (C:\Users\shrav\OneDrive\Desktop\HIS 3\HIS_Quasar\hospital-his-backend\node_modules\express\lib\router\route.js:216:15)
    at proto.<computed> [as get] (C:\Users\shrav\OneDrive\Desktop\HIS 3\HIS_Quasar\hospital-his-backend\node_modules\express\lib\router\index.js:521:19)
    at Object.<anonymous> (C:\Users\shrav\OneDrive\Desktop\HIS 3\HIS_Quasar\hospital-his-backend\routes\analytics.routes.js:37:8)
    at Module._compile (node:internal/modules/cjs/loader:1760:14)
    at Object..js (node:internal/modules/cjs/loader:1892:10)
    at Module.load (node:internal/modules/cjs/loader:1480:32)
    at Module._load (node:internal/modules/cjs/loader:1299:12)
    at TracingChannel.traceSync (node:diagnostics_channel:328:14)
    at wrapModuleLoad (node:internal/modules/cjs/loader:245:24)
    at Module.require (node:internal/modules/cjs/loader:1503:12)
Error: Route.get() requires a callback function but got a [object Undefined]
    at Route.<computed> [as get] (C:\Users\shrav\OneDrive\Desktop\HIS 3\HIS_Quasar\hospital-his-backend\node_modules\express\lib\router\route.js:216:15)
    at proto.<computed> [as get] (C:\Users\shrav\OneDrive\Desktop\HIS 3\HIS_Quasar\hospital-his-backend\node_modules\express\lib\router\index.js:521:19)
    at Object.<anonymous> (C:\Users\shrav\OneDrive\Desktop\HIS 3\HIS_Quasar\hospital-his-backend\routes\analytics.routes.js:37:8)
    at Module._compile (node:internal/modules/cjs/loader:1760:14)
    at Object..js (node:internal/modules/cjs/loader:1892:10)
    at Module.load (node:internal/modules/cjs/loader:1480:32)
    at Module._load (node:internal/modules/cjs/loader:1299:12)
    at TracingChannel.traceSync (node:diagnostics_channel:328:14)
    at wrapModuleLoad (node:internal/modules/cjs/loader:245:24)
    at Module.require (node:internal/modules/cjs/loader:1503:12)
2026-01-24 18:15:06 [ERROR]: uncaughtException: Cannot find module '../middleware/auth'
Require stack:
- C:\Users\shrav\OneDrive\Desktop\HIS 3\HIS_Quasar\hospital-his-backend\routes\departmentBilling.routes.js
- C:\Users\shrav\OneDrive\Desktop\HIS 3\HIS_Quasar\hospital-his-backend\server.js
Error: Cannot find module '../middleware/auth'
Require stack:
- C:\Users\shrav\OneDrive\Desktop\HIS 3\HIS_Quasar\hospital-his-backend\routes\departmentBilling.routes.js
- C:\Users\shrav\OneDrive\Desktop\HIS 3\HIS_Quasar\hospital-his-backend\server.js
    at Module._resolveFilename (node:internal/modules/cjs/loader:1420:15)
    at defaultResolveImpl (node:internal/modules/cjs/loader:1058:19)
    at resolveForCJSWithHooks (node:internal/modules/cjs/loader:1063:22)
    at Module._load (node:internal/modules/cjs/loader:1226:37)
    at TracingChannel.traceSync (node:diagnostics_channel:328:14)
    at wrapModuleLoad (node:internal/modules/cjs/loader:245:24)
    at Module.require (node:internal/modules/cjs/loader:1503:12)
    at require (node:internal/modules/helpers:152:16)
    at Object.<anonymous> (C:\Users\shrav\OneDrive\Desktop\HIS 3\HIS_Quasar\hospital-his-backend\routes\departmentBilling.routes.js:16:37)
    at Module._compile (node:internal/modules/cjs/loader:1760:14)
Error: Cannot find module '../middleware/auth'
Require stack:
- C:\Users\shrav\OneDrive\Desktop\HIS 3\HIS_Quasar\hospital-his-backend\routes\departmentBilling.routes.js
- C:\Users\shrav\OneDrive\Desktop\HIS 3\HIS_Quasar\hospital-his-backend\server.js
    at Module._resolveFilename (node:internal/modules/cjs/loader:1420:15)
    at defaultResolveImpl (node:internal/modules/cjs/loader:1058:19)
    at resolveForCJSWithHooks (node:internal/modules/cjs/loader:1063:22)
    at Module._load (node:internal/modules/cjs/loader:1226:37)
    at TracingChannel.traceSync (node:diagnostics_channel:328:14)
    at wrapModuleLoad (node:internal/modules/cjs/loader:245:24)
    at Module.require (node:internal/modules/cjs/loader:1503:12)
    at require (node:internal/modules/helpers:152:16)
    at Object.<anonymous> (C:\Users\shrav\OneDrive\Desktop\HIS 3\HIS_Quasar\hospital-his-backend\routes\departmentBilling.routes.js:16:37)
    at Module._compile (node:internal/modules/cjs/loader:1760:14)
2026-01-24 18:22:10 [ERROR]: uncaughtException: Cannot find module '../middleware/auth'
Require stack:
- C:\Users\shrav\OneDrive\Desktop\HIS 3\HIS_Quasar\hospital-his-backend\routes\departmentBilling.routes.js
- C:\Users\shrav\OneDrive\Desktop\HIS 3\HIS_Quasar\hospital-his-backend\server.js
Error: Cannot find module '../middleware/auth'
Require stack:
- C:\Users\shrav\OneDrive\Desktop\HIS 3\HIS_Quasar\hospital-his-backend\routes\departmentBilling.routes.js
- C:\Users\shrav\OneDrive\Desktop\HIS 3\HIS_Quasar\hospital-his-backend\server.js
    at Function._resolveFilename (node:internal/modules/cjs/loader:1225:15)
    at Function._load (node:internal/modules/cjs/loader:1055:27)
    at TracingChannel.traceSync (node:diagnostics_channel:322:14)
    at wrapModuleLoad (node:internal/modules/cjs/loader:220:24)
    at Module.require (node:internal/modules/cjs/loader:1311:12)
    at require (node:internal/modules/helpers:136:16)
    at Object.<anonymous> (C:\Users\shrav\OneDrive\Desktop\HIS 3\HIS_Quasar\hospital-his-backend\routes\departmentBilling.routes.js:16:37)
    at Module._compile (node:internal/modules/cjs/loader:1554:14)
    at Object..js (node:internal/modules/cjs/loader:1706:10)
    at Module.load (node:internal/modules/cjs/loader:1289:32)
Error: Cannot find module '../middleware/auth'
Require stack:
- C:\Users\shrav\OneDrive\Desktop\HIS 3\HIS_Quasar\hospital-his-backend\routes\departmentBilling.routes.js
- C:\Users\shrav\OneDrive\Desktop\HIS 3\HIS_Quasar\hospital-his-backend\server.js
    at Function._resolveFilename (node:internal/modules/cjs/loader:1225:15)
    at Function._load (node:internal/modules/cjs/loader:1055:27)
    at TracingChannel.traceSync (node:diagnostics_channel:322:14)
    at wrapModuleLoad (node:internal/modules/cjs/loader:220:24)
    at Module.require (node:internal/modules/cjs/loader:1311:12)
    at require (node:internal/modules/helpers:136:16)
    at Object.<anonymous> (C:\Users\shrav\OneDrive\Desktop\HIS 3\HIS_Quasar\hospital-his-backend\routes\departmentBilling.routes.js:16:37)
    at Module._compile (node:internal/modules/cjs/loader:1554:14)
    at Object..js (node:internal/modules/cjs/loader:1706:10)
    at Module.load (node:internal/modules/cjs/loader:1289:32)
2026-01-24 18:24:44 [ERROR]: uncaughtException: listen EADDRINUSE: address already in use :::5001
Error: listen EADDRINUSE: address already in use :::5001
    at Server.setupListenHandle [as _listen2] (node:net:1937:16)
    at listenInCluster (node:net:1994:12)
    at Server.listen (node:net:2099:7)
    at startServer (C:\Users\shrav\OneDrive\Desktop\HIS 3\HIS_Quasar\hospital-his-backend\server.js:240:20)
    at process.processTicksAndRejections (node:internal/process/task_queues:105:5)
Error: listen EADDRINUSE: address already in use :::5001
    at Server.setupListenHandle [as _listen2] (node:net:1937:16)
    at listenInCluster (node:net:1994:12)
    at Server.listen (node:net:2099:7)
    at startServer (C:\Users\shrav\OneDrive\Desktop\HIS 3\HIS_Quasar\hospital-his-backend\server.js:240:20)
    at process.processTicksAndRejections (node:internal/process/task_queues:105:5)
